<?xml version="1.0" encoding="UTF-8"?>
<testsuite name="FuncionarioTest" tests="1" skipped="0" failures="0" errors="0" timestamp="2022-08-25T16:39:10" hostname="DESKTOP-4805S3K" time="0.025">
  <properties/>
  <testcase name="criarFunErrado()" classname="FuncionarioTest" time="0.025"/>
  <system-out><![CDATA[]]></system-out>
  <system-err><![CDATA[]]></system-err>
</testsuite>
